<?xml version="1.0" encoding="UTF-8"?>
<test-action-container xmlns="urn:example:test-action">
</test-action-container>
